MPASM 5.87                       DECODER.ASM   12-15-2025  18:14:51         PAGE  1


LOC  OBJECT CODE     LINE SOURCE TEXT
  VALUE

Warning[205]: Found directive in column 1. (list)
                      00001 list p=16f84a
                      00002 #include <p16f84a.inc>
                      00001         LIST
                      00002 
                      00003 ;==========================================================================
                      00004 ; Build date : Jan 06 2020
                      00005 ;  MPASM PIC16F84A processor include
                      00006 ; 
                      00007 ;  (c) Copyright 1999-2020 Microchip Technology, All rights reserved
                      00008 ;==========================================================================
                      00009 
                      00209         LIST
Warning[205]: Found directive in column 1. (__CONFIG)
2007   3FF1           00003 __CONFIG _CP_OFF & _PWRTE_ON & _WDT_OFF & _XT_OSC
                      00004     
  00000003            00005 STATUS EQU 03H
  00000005            00006 PORTA EQU 05H
  00000006            00007 PORTB EQU 06H
  00000085            00008 TRISA EQU 85H
  00000086            00009 TRISB EQU 86H
  0000000C            00010 CounterC EQU 0CH
  0000000D            00011 CounterB EQU 0DH
  0000000E            00012 CounterA EQU 0EH
  0000000F            00013 TEMP EQU 0FH
  0000001F            00014 BitBang EQU 1FH
                      00015 
                      00016         ORG 00h
0000   2???           00017                 goto Init
                      00018         ORG 04h
Warning[207]: Found label after column 1. (retfile)
0004                  00019                 retfile
0004                  00020 Init
                      00021 
Warning[203]: Found opcode in column 1. (BSF)
0004   1683           00022 BSF STATUS, 5
Warning[203]: Found opcode in column 1. (MOVLW)
0005   3007           00023 MOVLW 0x07
Warning[203]: Found opcode in column 1. (MOVWF)
Message[302]: Register in operand not in bank 0.  Ensure that bank bits are correct.
0006   0085           00024 MOVWF TRISA
Warning[203]: Found opcode in column 1. (MOVLW)
0007   3000           00025 MOVLW 0X00
Warning[203]: Found opcode in column 1. (MOVWF)
Message[302]: Register in operand not in bank 0.  Ensure that bank bits are correct.
0008   0086           00026 MOVWF TRISB
Warning[203]: Found opcode in column 1. (BCF)
0009   1283           00027 BCF STATUS, 5
Warning[203]: Found opcode in column 1. (CLRF)
000A   0185           00028 CLRF PORTA
Warning[203]: Found opcode in column 1. (CLRF)
000B   0186           00029 CLRF PORTB
                      00030 
MPASM 5.87                       DECODER.ASM   12-15-2025  18:14:51         PAGE  2


LOC  OBJECT CODE     LINE SOURCE TEXT
  VALUE

000C                  00031 Start
                      00032     ; If transmission just started (RA1 = 1)
000C   1C85           00033     BTFSS PORTA, 1
000D   2???           00034     goto Start
                      00035 
                      00036     ; If NON-cumulative mode
000E   1905           00037     BTFSC PORTA, 2
000F   2???           00038     goto WaitForPulses
                      00039 
                      00040     ; Clear ONCE at start
0010   0186           00041     CLRF PORTB
                      00042 
0011                  00043 WaitForPulses
0011   1805           00044     BTFSC PORTA, 0
0012   2???           00045     call Count
                      00046 
                      00047     ; Stay here while sender is busy
0013   1885           00048     BTFSC PORTA, 1
0014   2???           00049     goto WaitForPulses
                      00050 
                      00051     ; Transmission done ? HOLD value
0015   2???           00052     goto Start
                      00053 
0016                  00054 Count
0016   2???           00055    call Increment
0017   2???           00056    call Delay
0018   0008           00057    return
                      00058   
0019                  00059 Clear
0019   2???           00060    call Delay
001A   1C85           00061    BTFSS PORTA, 1
001B   0186           00062    CLRF PORTB
001C   0008           00063    return
                      00064                    
001D                  00065 Increment
001D   3001           00066    MOVLW 0x01
Message[305]: Using default destination of 1 (file).
001E   0786           00067    ADDWF PORTB
001F   0008           00068    return
                      00069                 
0020                  00070 Delay
0020   3002           00071     movlw D'2'
0021   008C           00072     movwf CounterC
0022   3006           00073     movlw D'6'
0023   008D           00074     movwf CounterB
0024   30A7           00075     movlw D'167'
0025   008E           00076     movwf CounterA
                      00077    
0026                  00078 loop
0026   0B8E           00079     decfsz CounterA, 1
0027   2???           00080     goto loop
0028   0B8D           00081     decfsz CounterB, 1
0029   2???           00082     goto loop
MPASM 5.87                       DECODER.ASM   12-15-2025  18:14:51         PAGE  3


LOC  OBJECT CODE     LINE SOURCE TEXT
  VALUE

002A   0B8C           00083     decfsz CounterC, 1
002B   2???           00084     goto loop
002C   0000           00085     nop
002D   0008           00086     return
                      00087 
Warning[205]: Found directive in column 1. (end)
3FF1                  00088 end
MPASM 5.87                       DECODER.ASM   12-15-2025  18:14:51         PAGE  4


SYMBOL TABLE
  LABEL                             VALUE 

BitBang                           0000001F
C                                 00000000
Clear                             00000019
Count                             00000016
CounterA                          0000000E
CounterB                          0000000D
CounterC                          0000000C
DC                                00000001
Delay                             00000020
EEADR                             00000009
EECON1                            00000088
EECON2                            00000089
EEDATA                            00000008
EEIE                              00000006
EEIF                              00000004
F                                 00000001
FSR                               00000004
GIE                               00000007
INDF                              00000000
INTCON                            0000000B
INTE                              00000004
INTEDG                            00000006
INTF                              00000001
IRP                               00000007
Increment                         0000001D
Init                              00000004
NOT_PD                            00000003
NOT_RBPU                          00000007
NOT_TO                            00000004
OPTION_REG                        00000081
PCL                               00000002
PCLATH                            0000000A
PORTA                             00000005
PORTB                             00000006
PS0                               00000000
PS1                               00000001
PS2                               00000002
PSA                               00000003
RA0                               00000000
RA1                               00000001
RA2                               00000002
RA3                               00000003
RA4                               00000004
RB0                               00000000
RB1                               00000001
RB2                               00000002
RB3                               00000003
RB4                               00000004
RB5                               00000005
RB6                               00000006
RB7                               00000007
RBIE                              00000003
RBIF                              00000000
MPASM 5.87                       DECODER.ASM   12-15-2025  18:14:51         PAGE  5


SYMBOL TABLE
  LABEL                             VALUE 

RD                                00000000
RP0                               00000005
RP1                               00000006
STATUS                            00000003
Start                             0000000C
T0CS                              00000005
T0IE                              00000005
T0IF                              00000002
T0SE                              00000004
TEMP                              0000000F
TMR0                              00000001
TMR0IE                            00000005
TMR0IF                            00000002
TRISA                             00000085
TRISA0                            00000000
TRISA1                            00000001
TRISA2                            00000002
TRISA3                            00000003
TRISA4                            00000004
TRISB                             00000086
TRISB0                            00000000
TRISB1                            00000001
TRISB2                            00000002
TRISB3                            00000003
TRISB4                            00000004
TRISB5                            00000005
TRISB6                            00000006
TRISB7                            00000007
W                                 00000000
WR                                00000001
WREN                              00000002
WRERR                             00000003
WaitForPulses                     00000011
Z                                 00000002
_CONFIG                           00002007
_CP_OFF                           00003FFF
_CP_ON                            0000000F
_DEVID1                           00002006
_FOSC_EXTRC                       00003FFF
_FOSC_HS                          00003FFE
_FOSC_LP                          00003FFC
_FOSC_XT                          00003FFD
_HS_OSC                           00003FFE
_IDLOC0                           00002000
_IDLOC1                           00002001
_IDLOC2                           00002002
_IDLOC3                           00002003
_LP_OSC                           00003FFC
_PWRTE_OFF                        00003FFF
_PWRTE_ON                         00003FF7
_RC_OSC                           00003FFF
_WDTE_OFF                         00003FFB
_WDTE_ON                          00003FFF
MPASM 5.87                       DECODER.ASM   12-15-2025  18:14:51         PAGE  6


SYMBOL TABLE
  LABEL                             VALUE 

_WDT_OFF                          00003FFB
_WDT_ON                           00003FFF
_XT_OSC                           00003FFD
__16F84A                          00000001
loop                              00000026
retfile                           00000004

Errors   :     0
Warnings :    12 reported,     0 suppressed
Messages :     3 reported,     0 suppressed

