Warning[205] C:\USERS\KENNETHPABILLO\MPLABXPROJECTS\BIT-BANGING\COUNTER.X\COUNTER.ASM 1 : Found directive in column 1. (list)
Warning[205] C:\USERS\KENNETHPABILLO\MPLABXPROJECTS\BIT-BANGING\COUNTER.X\COUNTER.ASM 3 : Found directive in column 1. (__CONFIG)
Warning[207] C:\USERS\KENNETHPABILLO\MPLABXPROJECTS\BIT-BANGING\COUNTER.X\COUNTER.ASM 19 : Found label after column 1. (retfile)
Warning[203] C:\USERS\KENNETHPABILLO\MPLABXPROJECTS\BIT-BANGING\COUNTER.X\COUNTER.ASM 22 : Found opcode in column 1. (BSF)
Warning[203] C:\USERS\KENNETHPABILLO\MPLABXPROJECTS\BIT-BANGING\COUNTER.X\COUNTER.ASM 23 : Found opcode in column 1. (MOVLW)
Warning[203] C:\USERS\KENNETHPABILLO\MPLABXPROJECTS\BIT-BANGING\COUNTER.X\COUNTER.ASM 24 : Found opcode in column 1. (MOVWF)
Message[302] C:\USERS\KENNETHPABILLO\MPLABXPROJECTS\BIT-BANGING\COUNTER.X\COUNTER.ASM 24 : Register in operand not in bank 0.  Ensure that bank bits are correct.
Warning[203] C:\USERS\KENNETHPABILLO\MPLABXPROJECTS\BIT-BANGING\COUNTER.X\COUNTER.ASM 25 : Found opcode in column 1. (MOVLW)
Warning[203] C:\USERS\KENNETHPABILLO\MPLABXPROJECTS\BIT-BANGING\COUNTER.X\COUNTER.ASM 26 : Found opcode in column 1. (MOVWF)
Message[302] C:\USERS\KENNETHPABILLO\MPLABXPROJECTS\BIT-BANGING\COUNTER.X\COUNTER.ASM 26 : Register in operand not in bank 0.  Ensure that bank bits are correct.
Warning[203] C:\USERS\KENNETHPABILLO\MPLABXPROJECTS\BIT-BANGING\COUNTER.X\COUNTER.ASM 27 : Found opcode in column 1. (BCF)
Warning[203] C:\USERS\KENNETHPABILLO\MPLABXPROJECTS\BIT-BANGING\COUNTER.X\COUNTER.ASM 28 : Found opcode in column 1. (CLRF)
Warning[203] C:\USERS\KENNETHPABILLO\MPLABXPROJECTS\BIT-BANGING\COUNTER.X\COUNTER.ASM 33 : Found opcode in column 1. (MOVLW)
Warning[203] C:\USERS\KENNETHPABILLO\MPLABXPROJECTS\BIT-BANGING\COUNTER.X\COUNTER.ASM 36 : Found opcode in column 1. (BTFSC)
Warning[203] C:\USERS\KENNETHPABILLO\MPLABXPROJECTS\BIT-BANGING\COUNTER.X\COUNTER.ASM 37 : Found opcode in column 1. (MOVLW)
Warning[203] C:\USERS\KENNETHPABILLO\MPLABXPROJECTS\BIT-BANGING\COUNTER.X\COUNTER.ASM 38 : Found opcode in column 1. (BTFSC)
Warning[203] C:\USERS\KENNETHPABILLO\MPLABXPROJECTS\BIT-BANGING\COUNTER.X\COUNTER.ASM 39 : Found opcode in column 1. (MOVLW)
Warning[203] C:\USERS\KENNETHPABILLO\MPLABXPROJECTS\BIT-BANGING\COUNTER.X\COUNTER.ASM 40 : Found opcode in column 1. (BTFSC)
Warning[203] C:\USERS\KENNETHPABILLO\MPLABXPROJECTS\BIT-BANGING\COUNTER.X\COUNTER.ASM 41 : Found opcode in column 1. (MOVLW)
Warning[203] C:\USERS\KENNETHPABILLO\MPLABXPROJECTS\BIT-BANGING\COUNTER.X\COUNTER.ASM 42 : Found opcode in column 1. (BTFSC)
Warning[203] C:\USERS\KENNETHPABILLO\MPLABXPROJECTS\BIT-BANGING\COUNTER.X\COUNTER.ASM 43 : Found opcode in column 1. (MOVLW)
Warning[203] C:\USERS\KENNETHPABILLO\MPLABXPROJECTS\BIT-BANGING\COUNTER.X\COUNTER.ASM 44 : Found opcode in column 1. (BTFSC)
Warning[203] C:\USERS\KENNETHPABILLO\MPLABXPROJECTS\BIT-BANGING\COUNTER.X\COUNTER.ASM 45 : Found opcode in column 1. (MOVLW)
Warning[203] C:\USERS\KENNETHPABILLO\MPLABXPROJECTS\BIT-BANGING\COUNTER.X\COUNTER.ASM 46 : Found opcode in column 1. (BTFSC)
Warning[203] C:\USERS\KENNETHPABILLO\MPLABXPROJECTS\BIT-BANGING\COUNTER.X\COUNTER.ASM 47 : Found opcode in column 1. (MOVLW)
Warning[203] C:\USERS\KENNETHPABILLO\MPLABXPROJECTS\BIT-BANGING\COUNTER.X\COUNTER.ASM 48 : Found opcode in column 1. (BTFSC)
Warning[203] C:\USERS\KENNETHPABILLO\MPLABXPROJECTS\BIT-BANGING\COUNTER.X\COUNTER.ASM 49 : Found opcode in column 1. (MOVLW)
Warning[203] C:\USERS\KENNETHPABILLO\MPLABXPROJECTS\BIT-BANGING\COUNTER.X\COUNTER.ASM 50 : Found opcode in column 1. (BTFSC)
Warning[203] C:\USERS\KENNETHPABILLO\MPLABXPROJECTS\BIT-BANGING\COUNTER.X\COUNTER.ASM 51 : Found opcode in column 1. (MOVLW)
Warning[203] C:\USERS\KENNETHPABILLO\MPLABXPROJECTS\BIT-BANGING\COUNTER.X\COUNTER.ASM 52 : Found opcode in column 1. (BTFSC)
Warning[203] C:\USERS\KENNETHPABILLO\MPLABXPROJECTS\BIT-BANGING\COUNTER.X\COUNTER.ASM 53 : Found opcode in column 1. (MOVLW)
Warning[203] C:\USERS\KENNETHPABILLO\MPLABXPROJECTS\BIT-BANGING\COUNTER.X\COUNTER.ASM 55 : Found opcode in column 1. (ADDLW)
Warning[203] C:\USERS\KENNETHPABILLO\MPLABXPROJECTS\BIT-BANGING\COUNTER.X\COUNTER.ASM 56 : Found opcode in column 1. (ADDWF)
Message[305] C:\USERS\KENNETHPABILLO\MPLABXPROJECTS\BIT-BANGING\COUNTER.X\COUNTER.ASM 56 : Using default destination of 1 (file).
Warning[203] C:\USERS\KENNETHPABILLO\MPLABXPROJECTS\BIT-BANGING\COUNTER.X\COUNTER.ASM 62 : Found opcode in column 1. (BCF)
Warning[203] C:\USERS\KENNETHPABILLO\MPLABXPROJECTS\BIT-BANGING\COUNTER.X\COUNTER.ASM 64 : Found opcode in column 1. (goto)
Warning[205] C:\USERS\KENNETHPABILLO\MPLABXPROJECTS\BIT-BANGING\COUNTER.X\COUNTER.ASM 95 : Found directive in column 1. (end)
